DSC00210.jpg
{'source': 'DSC00210.jpg', 'destination': None, 'x': 200, 'y': 150}
derived destination: DSC00210-thumb.jpg
original: JPEG, (1200, 900), RGB
cropped: None, (200, 150), RGB
DSC00213.jpg
{'source': 'DSC00213.jpg', 'destination': None, 'x': 200, 'y': 150}
derived destination: DSC00213-thumb.jpg
original: JPEG, (1200, 900), RGB
cropped: None, (200, 150), RGB
DSC00215.jpg
{'source': 'DSC00215.jpg', 'destination': None, 'x': 200, 'y': 150}
derived destination: DSC00215-thumb.jpg
original: JPEG, (1200, 900), RGB
cropped: None, (200, 150), RGB
DSC00218.jpg
{'source': 'DSC00218.jpg', 'destination': None, 'x': 200, 'y': 150}
derived destination: DSC00218-thumb.jpg
original: JPEG, (1200, 900), RGB
cropped: None, (200, 150), RGB
DSC00220.jpg
{'source': 'DSC00220.jpg', 'destination': None, 'x': 200, 'y': 150}
derived destination: DSC00220-thumb.jpg
original: JPEG, (1200, 900), RGB
cropped: None, (200, 150), RGB
DSC00221.jpg
{'source': 'DSC00221.jpg', 'destination': None, 'x': 200, 'y': 150}
derived destination: DSC00221-thumb.jpg
original: JPEG, (1200, 900), RGB
cropped: None, (200, 150), RGB
DSC00222.jpg
{'source': 'DSC00222.jpg', 'destination': None, 'x': 200, 'y': 150}
derived destination: DSC00222-thumb.jpg
original: JPEG, (1200, 900), RGB
cropped: None, (200, 150), RGB
DSC00225.jpg
{'source': 'DSC00225.jpg', 'destination': None, 'x': 200, 'y': 150}
derived destination: DSC00225-thumb.jpg
original: JPEG, (1200, 900), RGB
cropped: None, (200, 150), RGB
DSC00226.jpg
{'source': 'DSC00226.jpg', 'destination': None, 'x': 200, 'y': 150}
derived destination: DSC00226-thumb.jpg
original: JPEG, (1200, 900), RGB
cropped: None, (200, 150), RGB
DSC00228.jpg
{'source': 'DSC00228.jpg', 'destination': None, 'x': 200, 'y': 150}
derived destination: DSC00228-thumb.jpg
original: JPEG, (1200, 900), RGB
cropped: None, (200, 150), RGB
DSC00231.jpg
{'source': 'DSC00231.jpg', 'destination': None, 'x': 200, 'y': 150}
derived destination: DSC00231-thumb.jpg
original: JPEG, (1200, 900), RGB
cropped: None, (200, 150), RGB
DSC00232.jpg
{'source': 'DSC00232.jpg', 'destination': None, 'x': 200, 'y': 150}
derived destination: DSC00232-thumb.jpg
original: JPEG, (1200, 900), RGB
cropped: None, (200, 150), RGB
DSC00235.jpg
{'source': 'DSC00235.jpg', 'destination': None, 'x': 200, 'y': 150}
derived destination: DSC00235-thumb.jpg
original: JPEG, (1200, 900), RGB
cropped: None, (200, 150), RGB
DSC00239.jpg
{'source': 'DSC00239.jpg', 'destination': None, 'x': 200, 'y': 150}
derived destination: DSC00239-thumb.jpg
original: JPEG, (1200, 900), RGB
cropped: None, (200, 150), RGB
DSC00241.jpg
{'source': 'DSC00241.jpg', 'destination': None, 'x': 200, 'y': 150}
derived destination: DSC00241-thumb.jpg
original: JPEG, (1200, 900), RGB
cropped: None, (200, 150), RGB
DSC00242.jpg
{'source': 'DSC00242.jpg', 'destination': None, 'x': 200, 'y': 150}
derived destination: DSC00242-thumb.jpg
original: JPEG, (1200, 900), RGB
cropped: None, (200, 150), RGB
DSC00243.jpg
{'source': 'DSC00243.jpg', 'destination': None, 'x': 200, 'y': 150}
derived destination: DSC00243-thumb.jpg
original: JPEG, (900, 1200), RGB
cropped: None, (200, 150), RGB
DSC00249.jpg
{'source': 'DSC00249.jpg', 'destination': None, 'x': 200, 'y': 150}
derived destination: DSC00249-thumb.jpg
original: JPEG, (1200, 900), RGB
cropped: None, (200, 150), RGB
DSC00250.jpg
{'source': 'DSC00250.jpg', 'destination': None, 'x': 200, 'y': 150}
derived destination: DSC00250-thumb.jpg
original: JPEG, (1200, 900), RGB
cropped: None, (200, 150), RGB
DSC00251.jpg
{'source': 'DSC00251.jpg', 'destination': None, 'x': 200, 'y': 150}
derived destination: DSC00251-thumb.jpg
original: JPEG, (1200, 900), RGB
cropped: None, (200, 150), RGB
DSC00256.jpg
{'source': 'DSC00256.jpg', 'destination': None, 'x': 200, 'y': 150}
derived destination: DSC00256-thumb.jpg
original: JPEG, (1200, 900), RGB
cropped: None, (200, 150), RGB
DSC00258.jpg
{'source': 'DSC00258.jpg', 'destination': None, 'x': 200, 'y': 150}
derived destination: DSC00258-thumb.jpg
original: JPEG, (1200, 900), RGB
cropped: None, (200, 150), RGB
DSC00262.jpg
{'source': 'DSC00262.jpg', 'destination': None, 'x': 200, 'y': 150}
derived destination: DSC00262-thumb.jpg
original: JPEG, (1200, 900), RGB
cropped: None, (200, 150), RGB
DSC00264.jpg
{'source': 'DSC00264.jpg', 'destination': None, 'x': 200, 'y': 150}
derived destination: DSC00264-thumb.jpg
original: JPEG, (1200, 900), RGB
cropped: None, (200, 150), RGB
DSC00265.jpg
{'source': 'DSC00265.jpg', 'destination': None, 'x': 200, 'y': 150}
derived destination: DSC00265-thumb.jpg
original: JPEG, (1200, 900), RGB
cropped: None, (200, 150), RGB
DSC00267.jpg
{'source': 'DSC00267.jpg', 'destination': None, 'x': 200, 'y': 150}
derived destination: DSC00267-thumb.jpg
original: JPEG, (1200, 900), RGB
cropped: None, (200, 150), RGB
DSC00272.jpg
{'source': 'DSC00272.jpg', 'destination': None, 'x': 200, 'y': 150}
derived destination: DSC00272-thumb.jpg
original: JPEG, (1200, 900), RGB
cropped: None, (200, 150), RGB
DSC00273.jpg
{'source': 'DSC00273.jpg', 'destination': None, 'x': 200, 'y': 150}
derived destination: DSC00273-thumb.jpg
original: JPEG, (1200, 900), RGB
cropped: None, (200, 150), RGB
DSC00274.jpg
{'source': 'DSC00274.jpg', 'destination': None, 'x': 200, 'y': 150}
derived destination: DSC00274-thumb.jpg
original: JPEG, (1200, 900), RGB
cropped: None, (200, 150), RGB
DSC00275.jpg
{'source': 'DSC00275.jpg', 'destination': None, 'x': 200, 'y': 150}
derived destination: DSC00275-thumb.jpg
original: JPEG, (1200, 900), RGB
cropped: None, (200, 150), RGB
DSC00276.jpg
{'source': 'DSC00276.jpg', 'destination': None, 'x': 200, 'y': 150}
derived destination: DSC00276-thumb.jpg
original: JPEG, (1200, 900), RGB
cropped: None, (200, 150), RGB
DSC00278.jpg
{'source': 'DSC00278.jpg', 'destination': None, 'x': 200, 'y': 150}
derived destination: DSC00278-thumb.jpg
original: JPEG, (1200, 900), RGB
cropped: None, (200, 150), RGB
DSC00279.jpg
{'source': 'DSC00279.jpg', 'destination': None, 'x': 200, 'y': 150}
derived destination: DSC00279-thumb.jpg
original: JPEG, (1200, 900), RGB
cropped: None, (200, 150), RGB
DSC00280.jpg
{'source': 'DSC00280.jpg', 'destination': None, 'x': 200, 'y': 150}
derived destination: DSC00280-thumb.jpg
original: JPEG, (1200, 900), RGB
cropped: None, (200, 150), RGB
DSC00283.jpg
{'source': 'DSC00283.jpg', 'destination': None, 'x': 200, 'y': 150}
derived destination: DSC00283-thumb.jpg
original: JPEG, (1200, 900), RGB
cropped: None, (200, 150), RGB
DSC00284.jpg
{'source': 'DSC00284.jpg', 'destination': None, 'x': 200, 'y': 150}
derived destination: DSC00284-thumb.jpg
original: JPEG, (1200, 900), RGB
cropped: None, (200, 150), RGB
DSC00286.jpg
{'source': 'DSC00286.jpg', 'destination': None, 'x': 200, 'y': 150}
derived destination: DSC00286-thumb.jpg
original: JPEG, (1200, 900), RGB
cropped: None, (200, 150), RGB
DSC00289.jpg
{'source': 'DSC00289.jpg', 'destination': None, 'x': 200, 'y': 150}
derived destination: DSC00289-thumb.jpg
original: JPEG, (1200, 900), RGB
cropped: None, (200, 150), RGB
DSC00290.jpg
{'source': 'DSC00290.jpg', 'destination': None, 'x': 200, 'y': 150}
derived destination: DSC00290-thumb.jpg
original: JPEG, (1200, 900), RGB
cropped: None, (200, 150), RGB
DSC00291.jpg
{'source': 'DSC00291.jpg', 'destination': None, 'x': 200, 'y': 150}
derived destination: DSC00291-thumb.jpg
original: JPEG, (1200, 900), RGB
cropped: None, (200, 150), RGB
DSC00292.jpg
{'source': 'DSC00292.jpg', 'destination': None, 'x': 200, 'y': 150}
derived destination: DSC00292-thumb.jpg
original: JPEG, (1200, 900), RGB
cropped: None, (200, 150), RGB
IMG_1798.jpg
{'source': 'IMG_1798.jpg', 'destination': None, 'x': 200, 'y': 150}
derived destination: IMG_1798-thumb.jpg
original: JPEG, (1200, 900), RGB
cropped: None, (200, 150), RGB
IMG_1800.jpg
{'source': 'IMG_1800.jpg', 'destination': None, 'x': 200, 'y': 150}
derived destination: IMG_1800-thumb.jpg
original: JPEG, (1200, 900), RGB
cropped: None, (200, 150), RGB
IMG_1802.jpg
{'source': 'IMG_1802.jpg', 'destination': None, 'x': 200, 'y': 150}
derived destination: IMG_1802-thumb.jpg
original: JPEG, (1200, 900), RGB
cropped: None, (200, 150), RGB
IMG_1803.jpg
{'source': 'IMG_1803.jpg', 'destination': None, 'x': 200, 'y': 150}
derived destination: IMG_1803-thumb.jpg
original: JPEG, (1200, 900), RGB
cropped: None, (200, 150), RGB
IMG_1805.jpg
{'source': 'IMG_1805.jpg', 'destination': None, 'x': 200, 'y': 150}
derived destination: IMG_1805-thumb.jpg
original: JPEG, (900, 1200), RGB
cropped: None, (200, 150), RGB
IMG_1806.jpg
{'source': 'IMG_1806.jpg', 'destination': None, 'x': 200, 'y': 150}
derived destination: IMG_1806-thumb.jpg
original: JPEG, (900, 1200), RGB
cropped: None, (200, 150), RGB
IMG_1808.jpg
{'source': 'IMG_1808.jpg', 'destination': None, 'x': 200, 'y': 150}
derived destination: IMG_1808-thumb.jpg
original: JPEG, (900, 1200), RGB
cropped: None, (200, 150), RGB
IMG_1809.jpg
{'source': 'IMG_1809.jpg', 'destination': None, 'x': 200, 'y': 150}
derived destination: IMG_1809-thumb.jpg
original: JPEG, (900, 1200), RGB
cropped: None, (200, 150), RGB
IMG_1811.jpg
{'source': 'IMG_1811.jpg', 'destination': None, 'x': 200, 'y': 150}
derived destination: IMG_1811-thumb.jpg
original: JPEG, (1200, 900), RGB
cropped: None, (200, 150), RGB
IMG_1812.jpg
{'source': 'IMG_1812.jpg', 'destination': None, 'x': 200, 'y': 150}
derived destination: IMG_1812-thumb.jpg
original: JPEG, (1200, 900), RGB
cropped: None, (200, 150), RGB
IMG_1815.jpg
{'source': 'IMG_1815.jpg', 'destination': None, 'x': 200, 'y': 150}
derived destination: IMG_1815-thumb.jpg
original: JPEG, (1200, 900), RGB
cropped: None, (200, 150), RGB
IMG_1817.jpg
{'source': 'IMG_1817.jpg', 'destination': None, 'x': 200, 'y': 150}
derived destination: IMG_1817-thumb.jpg
original: JPEG, (1200, 900), RGB
cropped: None, (200, 150), RGB
IMG_1818.jpg
{'source': 'IMG_1818.jpg', 'destination': None, 'x': 200, 'y': 150}
derived destination: IMG_1818-thumb.jpg
original: JPEG, (900, 1200), RGB
cropped: None, (200, 150), RGB
IMG_1821.jpg
{'source': 'IMG_1821.jpg', 'destination': None, 'x': 200, 'y': 150}
derived destination: IMG_1821-thumb.jpg
original: JPEG, (1200, 900), RGB
cropped: None, (200, 150), RGB
IMG_1822.jpg
{'source': 'IMG_1822.jpg', 'destination': None, 'x': 200, 'y': 150}
derived destination: IMG_1822-thumb.jpg
original: JPEG, (1200, 900), RGB
cropped: None, (200, 150), RGB
IMG_1824.jpg
{'source': 'IMG_1824.jpg', 'destination': None, 'x': 200, 'y': 150}
derived destination: IMG_1824-thumb.jpg
original: JPEG, (1200, 900), RGB
cropped: None, (200, 150), RGB
IMG_1825.jpg
{'source': 'IMG_1825.jpg', 'destination': None, 'x': 200, 'y': 150}
derived destination: IMG_1825-thumb.jpg
original: JPEG, (1200, 900), RGB
cropped: None, (200, 150), RGB
IMG_1827.jpg
{'source': 'IMG_1827.jpg', 'destination': None, 'x': 200, 'y': 150}
derived destination: IMG_1827-thumb.jpg
original: JPEG, (1200, 900), RGB
cropped: None, (200, 150), RGB
IMG_1829.jpg
{'source': 'IMG_1829.jpg', 'destination': None, 'x': 200, 'y': 150}
derived destination: IMG_1829-thumb.jpg
original: JPEG, (1200, 900), RGB
cropped: None, (200, 150), RGB
IMG_1831.jpg
{'source': 'IMG_1831.jpg', 'destination': None, 'x': 200, 'y': 150}
derived destination: IMG_1831-thumb.jpg
original: JPEG, (1200, 900), RGB
cropped: None, (200, 150), RGB
IMG_1832.jpg
{'source': 'IMG_1832.jpg', 'destination': None, 'x': 200, 'y': 150}
derived destination: IMG_1832-thumb.jpg
original: JPEG, (900, 1200), RGB
cropped: None, (200, 150), RGB
IMG_1834.jpg
{'source': 'IMG_1834.jpg', 'destination': None, 'x': 200, 'y': 150}
derived destination: IMG_1834-thumb.jpg
original: JPEG, (1200, 900), RGB
cropped: None, (200, 150), RGB
IMG_1835.jpg
{'source': 'IMG_1835.jpg', 'destination': None, 'x': 200, 'y': 150}
derived destination: IMG_1835-thumb.jpg
original: JPEG, (1200, 900), RGB
cropped: None, (200, 150), RGB
IMG_1836.jpg
{'source': 'IMG_1836.jpg', 'destination': None, 'x': 200, 'y': 150}
derived destination: IMG_1836-thumb.jpg
original: JPEG, (1200, 900), RGB
cropped: None, (200, 150), RGB
IMG_1840.jpg
{'source': 'IMG_1840.jpg', 'destination': None, 'x': 200, 'y': 150}
derived destination: IMG_1840-thumb.jpg
original: JPEG, (1200, 900), RGB
cropped: None, (200, 150), RGB
IMG_1842.jpg
{'source': 'IMG_1842.jpg', 'destination': None, 'x': 200, 'y': 150}
derived destination: IMG_1842-thumb.jpg
original: JPEG, (1200, 900), RGB
cropped: None, (200, 150), RGB
IMG_1843.jpg
{'source': 'IMG_1843.jpg', 'destination': None, 'x': 200, 'y': 150}
derived destination: IMG_1843-thumb.jpg
original: JPEG, (1200, 900), RGB
cropped: None, (200, 150), RGB
IMG_1846.jpg
{'source': 'IMG_1846.jpg', 'destination': None, 'x': 200, 'y': 150}
derived destination: IMG_1846-thumb.jpg
original: JPEG, (1200, 900), RGB
cropped: None, (200, 150), RGB
IMG_1847.jpg
{'source': 'IMG_1847.jpg', 'destination': None, 'x': 200, 'y': 150}
derived destination: IMG_1847-thumb.jpg
original: JPEG, (1200, 900), RGB
cropped: None, (200, 150), RGB
IMG_1849.jpg
{'source': 'IMG_1849.jpg', 'destination': None, 'x': 200, 'y': 150}
derived destination: IMG_1849-thumb.jpg
original: JPEG, (1200, 900), RGB
cropped: None, (200, 150), RGB
IMG_1850.jpg
{'source': 'IMG_1850.jpg', 'destination': None, 'x': 200, 'y': 150}
derived destination: IMG_1850-thumb.jpg
original: JPEG, (1200, 900), RGB
cropped: None, (200, 150), RGB
IMG_1851.jpg
{'source': 'IMG_1851.jpg', 'destination': None, 'x': 200, 'y': 150}
derived destination: IMG_1851-thumb.jpg
original: JPEG, (1200, 900), RGB
cropped: None, (200, 150), RGB
IMG_1854.jpg
{'source': 'IMG_1854.jpg', 'destination': None, 'x': 200, 'y': 150}
derived destination: IMG_1854-thumb.jpg
original: JPEG, (1200, 900), RGB
cropped: None, (200, 150), RGB
IMG_1855.jpg
{'source': 'IMG_1855.jpg', 'destination': None, 'x': 200, 'y': 150}
derived destination: IMG_1855-thumb.jpg
original: JPEG, (900, 1200), RGB
cropped: None, (200, 150), RGB
IMG_1856.jpg
{'source': 'IMG_1856.jpg', 'destination': None, 'x': 200, 'y': 150}
derived destination: IMG_1856-thumb.jpg
original: JPEG, (900, 1200), RGB
cropped: None, (200, 150), RGB
IMG_1857.jpg
{'source': 'IMG_1857.jpg', 'destination': None, 'x': 200, 'y': 150}
derived destination: IMG_1857-thumb.jpg
original: JPEG, (1200, 900), RGB
cropped: None, (200, 150), RGB
IMG_1860.jpg
{'source': 'IMG_1860.jpg', 'destination': None, 'x': 200, 'y': 150}
derived destination: IMG_1860-thumb.jpg
original: JPEG, (1200, 900), RGB
cropped: None, (200, 150), RGB
IMG_1861.jpg
{'source': 'IMG_1861.jpg', 'destination': None, 'x': 200, 'y': 150}
derived destination: IMG_1861-thumb.jpg
original: JPEG, (1200, 900), RGB
cropped: None, (200, 150), RGB
IMG_1865.jpg
{'source': 'IMG_1865.jpg', 'destination': None, 'x': 200, 'y': 150}
derived destination: IMG_1865-thumb.jpg
original: JPEG, (1200, 900), RGB
cropped: None, (200, 150), RGB
IMG_1867.jpg
{'source': 'IMG_1867.jpg', 'destination': None, 'x': 200, 'y': 150}
derived destination: IMG_1867-thumb.jpg
original: JPEG, (1200, 900), RGB
cropped: None, (200, 150), RGB
IMG_1869.jpg
{'source': 'IMG_1869.jpg', 'destination': None, 'x': 200, 'y': 150}
derived destination: IMG_1869-thumb.jpg
original: JPEG, (1200, 900), RGB
cropped: None, (200, 150), RGB
IMG_1871.jpg
{'source': 'IMG_1871.jpg', 'destination': None, 'x': 200, 'y': 150}
derived destination: IMG_1871-thumb.jpg
original: JPEG, (1200, 900), RGB
cropped: None, (200, 150), RGB
IMG_1873.jpg
{'source': 'IMG_1873.jpg', 'destination': None, 'x': 200, 'y': 150}
derived destination: IMG_1873-thumb.jpg
original: JPEG, (1200, 900), RGB
cropped: None, (200, 150), RGB
IMG_1875.jpg
{'source': 'IMG_1875.jpg', 'destination': None, 'x': 200, 'y': 150}
derived destination: IMG_1875-thumb.jpg
original: JPEG, (1200, 900), RGB
cropped: None, (200, 150), RGB
IMG_1878.jpg
{'source': 'IMG_1878.jpg', 'destination': None, 'x': 200, 'y': 150}
derived destination: IMG_1878-thumb.jpg
original: JPEG, (1200, 900), RGB
cropped: None, (200, 150), RGB
IMG_1879.jpg
{'source': 'IMG_1879.jpg', 'destination': None, 'x': 200, 'y': 150}
derived destination: IMG_1879-thumb.jpg
original: JPEG, (1200, 900), RGB
cropped: None, (200, 150), RGB
IMG_1881.jpg
{'source': 'IMG_1881.jpg', 'destination': None, 'x': 200, 'y': 150}
derived destination: IMG_1881-thumb.jpg
original: JPEG, (1200, 900), RGB
cropped: None, (200, 150), RGB
IMG_1882.jpg
{'source': 'IMG_1882.jpg', 'destination': None, 'x': 200, 'y': 150}
derived destination: IMG_1882-thumb.jpg
original: JPEG, (1200, 900), RGB
cropped: None, (200, 150), RGB
IMG_1885.jpg
{'source': 'IMG_1885.jpg', 'destination': None, 'x': 200, 'y': 150}
derived destination: IMG_1885-thumb.jpg
original: JPEG, (1200, 900), RGB
cropped: None, (200, 150), RGB
IMG_1887.jpg
{'source': 'IMG_1887.jpg', 'destination': None, 'x': 200, 'y': 150}
derived destination: IMG_1887-thumb.jpg
original: JPEG, (1200, 900), RGB
cropped: None, (200, 150), RGB
IMG_1889.jpg
{'source': 'IMG_1889.jpg', 'destination': None, 'x': 200, 'y': 150}
derived destination: IMG_1889-thumb.jpg
original: JPEG, (1200, 900), RGB
cropped: None, (200, 150), RGB
IMG_1890.jpg
{'source': 'IMG_1890.jpg', 'destination': None, 'x': 200, 'y': 150}
derived destination: IMG_1890-thumb.jpg
original: JPEG, (1200, 900), RGB
cropped: None, (200, 150), RGB
IMG_1892.jpg
{'source': 'IMG_1892.jpg', 'destination': None, 'x': 200, 'y': 150}
derived destination: IMG_1892-thumb.jpg
original: JPEG, (1200, 900), RGB
cropped: None, (200, 150), RGB
IMG_1894.jpg
{'source': 'IMG_1894.jpg', 'destination': None, 'x': 200, 'y': 150}
derived destination: IMG_1894-thumb.jpg
original: JPEG, (1200, 900), RGB
cropped: None, (200, 150), RGB
IMG_1895.jpg
{'source': 'IMG_1895.jpg', 'destination': None, 'x': 200, 'y': 150}
derived destination: IMG_1895-thumb.jpg
original: JPEG, (1200, 900), RGB
cropped: None, (200, 150), RGB
IMG_1897.jpg
{'source': 'IMG_1897.jpg', 'destination': None, 'x': 200, 'y': 150}
derived destination: IMG_1897-thumb.jpg
original: JPEG, (1200, 900), RGB
cropped: None, (200, 150), RGB
IMG_1899.jpg
{'source': 'IMG_1899.jpg', 'destination': None, 'x': 200, 'y': 150}
derived destination: IMG_1899-thumb.jpg
original: JPEG, (1200, 900), RGB
cropped: None, (200, 150), RGB
IMG_1900.jpg
{'source': 'IMG_1900.jpg', 'destination': None, 'x': 200, 'y': 150}
derived destination: IMG_1900-thumb.jpg
original: JPEG, (1200, 900), RGB
cropped: None, (200, 150), RGB
IMG_1906.jpg
{'source': 'IMG_1906.jpg', 'destination': None, 'x': 200, 'y': 150}
derived destination: IMG_1906-thumb.jpg
original: JPEG, (1200, 900), RGB
cropped: None, (200, 150), RGB
IMG_1911.jpg
{'source': 'IMG_1911.jpg', 'destination': None, 'x': 200, 'y': 150}
derived destination: IMG_1911-thumb.jpg
original: JPEG, (1200, 900), RGB
cropped: None, (200, 150), RGB
IMG_1913.jpg
{'source': 'IMG_1913.jpg', 'destination': None, 'x': 200, 'y': 150}
derived destination: IMG_1913-thumb.jpg
original: JPEG, (1200, 900), RGB
cropped: None, (200, 150), RGB
IMG_1915.jpg
{'source': 'IMG_1915.jpg', 'destination': None, 'x': 200, 'y': 150}
derived destination: IMG_1915-thumb.jpg
original: JPEG, (1200, 900), RGB
cropped: None, (200, 150), RGB
IMG_1916.jpg
{'source': 'IMG_1916.jpg', 'destination': None, 'x': 200, 'y': 150}
derived destination: IMG_1916-thumb.jpg
original: JPEG, (1200, 900), RGB
cropped: None, (200, 150), RGB
IMG_1920.jpg
{'source': 'IMG_1920.jpg', 'destination': None, 'x': 200, 'y': 150}
derived destination: IMG_1920-thumb.jpg
original: JPEG, (1200, 900), RGB
cropped: None, (200, 150), RGB
IMG_1922.jpg
{'source': 'IMG_1922.jpg', 'destination': None, 'x': 200, 'y': 150}
derived destination: IMG_1922-thumb.jpg
original: JPEG, (1200, 900), RGB
cropped: None, (200, 150), RGB
IMG_1923.jpg
{'source': 'IMG_1923.jpg', 'destination': None, 'x': 200, 'y': 150}
derived destination: IMG_1923-thumb.jpg
original: JPEG, (1200, 900), RGB
cropped: None, (200, 150), RGB
